[2026-03-30 12:12:25.19] collect start 
=== 1. Daily news collection === 

==================================================
  лүҙмҠӨ мҲҳм§‘ (2026-03-30)
==================================================

в”Җв”Җ Finnhub лүҙмҠӨ мҲҳм§‘ (2026-03-30 ~ 2026-03-30) в”Җв”Җ
  SPY (лҜёкөӯмЈјмӢқ): 0кұҙ
  QQQ (лҜёкөӯмЈјмӢқ): 0кұҙ
  NVDA (лҜёкөӯмЈјмӢқ): 0кұҙ
  EWY (көӯлӮҙмЈјмӢқ): 0кұҙ
  TLT (лҜёкөӯмұ„к¶Ң): 0кұҙ
  HYG (лҜёкөӯмұ„к¶Ң): 0кұҙ
  GLD (мӣҗмһҗмһ¬): 0кұҙ
  USO (мӣҗмһҗмһ¬): 0кұҙ
  UUP (нҶөнҷ”): 0кұҙ
  general (Reuters/CNBC): 12кұҙ
  мҙқ 12кұҙ (Yahoo м ңмҷё)
    2026-03: 2429кұҙ (мӢ к·ң 12кұҙ)

в”Җв”Җ NewsAPI мҲҳм§‘ (2026-03-30) в”Җв”Җ
  top-headlines/business: 58кұҙ
  top-headlines/technology: 65кұҙ
  кёҖлЎңлІҢмЈјмӢқ: 19кұҙ
  лҜёкөӯмЈјмӢқ: 18кұҙ
  мӢ нқҘкөӯ: 19кұҙ
  мұ„к¶Ң: 13кұҙ
  мӣҗмһҗмһ¬: 15кұҙ
  нҶөнҷ”: 20кұҙ
  м§Җм •н•ҷ: 16кұҙ
  кІҪкё°: 14кұҙ
  [м ҖмһҘ] C:\Users\user\Downloads\python\DB_OCIO_Webview\market_research\data\news\2026-03.json вҖ” мӢ к·ң 254кұҙ (мӢ лў° 10кұҙ), мҙқ 2683кұҙ

в”Җв”Җ л„ӨмқҙлІ„ кёҲмңө лүҙмҠӨ (2026-03-30) в”Җв”Җ
  мҲҳм§‘: 10кұҙ
  [м ҖмһҘ] C:\Users\user\Downloads\python\DB_OCIO_Webview\market_research\data\news\2026-03.json вҖ” мӢ к·ң 7кұҙ, мҙқ 2690кұҙ

  н•©мӮ°: Finnhub 12кұҙ + NewsAPI 257кұҙ + л„ӨмқҙлІ„ 10кұҙ
=== 2. Blog incremental update === 
C:\Users\user\Downloads\python\.venv\Lib\site-packages\urllib3\connectionpool.py:1097: InsecureRequestWarning: Unverified HTTPS request is being made to host 'googlechromelabs.github.io'. Adding certificate verification is strongly advised. See: https://urllib3.readthedocs.io/en/latest/advanced-usage.html#tls-warnings
  warnings.warn(
C:\Users\user\Downloads\python\.venv\Lib\site-packages\urllib3\connectionpool.py:1097: InsecureRequestWarning: Unverified HTTPS request is being made to host 'googlechromelabs.github.io'. Adding certificate verification is strongly advised. See: https://urllib3.readthedocs.io/en/latest/advanced-usage.html#tls-warnings
  warnings.warn(
C:\Users\user\Downloads\python\.venv\Lib\site-packages\urllib3\connectionpool.py:1097: InsecureRequestWarning: Unverified HTTPS request is being made to host 'googlechromelabs.github.io'. Adding certificate verification is strongly advised. See: https://urllib3.readthedocs.io/en/latest/advanced-usage.html#tls-warnings
  warnings.warn(
C:\Users\user\Downloads\python\.venv\Lib\site-packages\urllib3\connectionpool.py:1097: InsecureRequestWarning: Unverified HTTPS request is being made to host 'googlechromelabs.github.io'. Adding certificate verification is strongly advised. See: https://urllib3.readthedocs.io/en/latest/advanced-usage.html#tls-warnings
  warnings.warn(
C:\Users\user\Downloads\python\.venv\Lib\site-packages\urllib3\connectionpool.py:1097: InsecureRequestWarning: Unverified HTTPS request is being made to host 'storage.googleapis.com'. Adding certificate verification is strongly advised. See: https://urllib3.readthedocs.io/en/latest/advanced-usage.html#tls-warnings
  warnings.warn(
C:\Users\user\Downloads\python\.venv\Lib\site-packages\urllib3\connectionpool.py:1097: InsecureRequestWarning: Unverified HTTPS request is being made to host 'googlechromelabs.github.io'. Adding certificate verification is strongly advised. See: https://urllib3.readthedocs.io/en/latest/advanced-usage.html#tls-warnings
  warnings.warn(
[ҪГАЫ] ұвБё 518°З ·ОөеөК
ҰЎҰЎ 1ҙЬ°и: °ФҪГұЫ ёс·П јцБэ (ёр№ЩАП ҪәЕ©·С) ҰЎҰЎ
  ұвБё ДіҪГ 518°З ·Оөе
  scroll 0: 526°З јцБэ
  scroll 1: 526°З јцБэ
  scroll 2: 526°З јцБэ
  scroll 3: 526°З јцБэ
  scroll 4: 526°З јцБэ
  scroll 5: 526°З јцБэ
C:\Users\user\Downloads\python\.venv\Lib\site-packages\urllib3\connectionpool.py:1097: InsecureRequestWarning: Unverified HTTPS request is being made to host 'googlechromelabs.github.io'. Adding certificate verification is strongly advised. See: https://urllib3.readthedocs.io/en/latest/advanced-usage.html#tls-warnings
  warnings.warn(
C:\Users\user\Downloads\python\.venv\Lib\site-packages\urllib3\connectionpool.py:1097: InsecureRequestWarning: Unverified HTTPS request is being made to host 'googlechromelabs.github.io'. Adding certificate verification is strongly advised. See: https://urllib3.readthedocs.io/en/latest/advanced-usage.html#tls-warnings
  warnings.warn(
  Ўж 5Иё ҝ¬јУ әҜөҝ ҫшАҪ, јцБэ Бҫ·б
[ёс·П АъАе] 526°З Ўж C:\Users\user\Downloads\python\DB_OCIO_Webview\market_research\data\monygeek\log_nos.json

[ёс·П ҝП·б] ГС 526°З °нАҜ °ФҪГұЫ
[ЗКЕН] ҪЕұФ 8°З (ұвБё 518°З ҪәЕө)

ҰЎҰЎ 2ҙЬ°и: °ФҪГұЫ і»ҝл јцБэ (8°З) ҰЎҰЎ

  [№иДЎ 1] 1~8°З
  [1/8] [48ҪГ°ЈҙәҪә] ЖЫЖеЖ® ҪәЕиАЗ өө·Ў: БЯөҝ АьАп, ұЫ·О№ъ АҜөҝјә °н°Ҙ,  | 2026-03-28
  [2/8] [ұЫ·О№ъ БЦЕГ БӨГҘАЗ ҪЗЗиҪЗ] БҰ1Жн: °Ў°ЭЗҘёҰ әОјш өөҪГАЗ әсұШ - әЈ | 2026-03-28
[АъАе] 526°З Ўж C:\Users\user\Downloads\python\DB_OCIO_Webview\market_research\data\monygeek\posts.json

[ҝП·б] јә°ш 8°З, ҪЗЖР 0°З, ГС 526°З АъАе
=== 3. Monthly digest rebuild === 
=== 4. Vector index rebuild === 
Warning: You are sending unauthenticated requests to the HF Hub. Please set a HF_TOKEN to enable higher rate limits and faster downloads.
Loading weights:   0%|          | 0/103 [00:00<?, ?it/s]Loading weights: 100%|##########| 103/103 [00:00<00:00, 6048.15it/s]
  2026-03: 2687кұҙ мһ„лІ л”© мӨ‘... мҷ„лЈҢ (2687кұҙ)
[2026-03-30 12:14:35.11] collect end 
