[2026-04-02  7:59:54.54] collect start 
=== 1. Daily news collection === 

==================================================
  лүҙмҠӨ мҲҳм§‘ (2026-04-02)
==================================================

в”Җв”Җ Finnhub лүҙмҠӨ мҲҳм§‘ (2026-04-02 ~ 2026-04-02) в”Җв”Җ
  SPY (лҜёкөӯмЈјмӢқ): 0кұҙ
  QQQ (лҜёкөӯмЈјмӢқ): 0кұҙ
  NVDA (лҜёкөӯмЈјмӢқ): 0кұҙ
  EWY (көӯлӮҙмЈјмӢқ): 0кұҙ
  TLT (лҜёкөӯмұ„к¶Ң): 0кұҙ
  HYG (лҜёкөӯмұ„к¶Ң): 0кұҙ
  GLD (мӣҗмһҗмһ¬): 0кұҙ
  USO (мӣҗмһҗмһ¬): 0кұҙ
  UUP (нҶөнҷ”): 0кұҙ
  general (Reuters/CNBC): 11кұҙ
  мҙқ 11кұҙ (Yahoo м ңмҷё)
    2026-04: 311кұҙ (мӢ к·ң 11кұҙ)

в”Җв”Җ NewsAPI мҲҳм§‘ (2026-04-02) в”Җв”Җ
  top-headlines/business: 35кұҙ
  top-headlines/technology: 65кұҙ
  кёҖлЎңлІҢмЈјмӢқ: 17кұҙ
  лҜёкөӯмЈјмӢқ: 16кұҙ
  мӢ нқҘкөӯ: 19кұҙ
  мұ„к¶Ң: 16кұҙ
  мӣҗмһҗмһ¬: 15кұҙ
  нҶөнҷ”: 17кұҙ
  м§Җм •н•ҷ: 15кұҙ
  кІҪкё°: 14кұҙ
  [м ҖмһҘ] C:\Users\user\Downloads\python\DB_OCIO_Webview\market_research\data\news\2026-04.json вҖ” мӢ к·ң 204кұҙ (мӢ лў° 15кұҙ), мҙқ 515кұҙ

в”Җв”Җ л„ӨмқҙлІ„ кёҲмңө лүҙмҠӨ (2026-04-02) в”Җв”Җ
  мҲҳм§‘: 10кұҙ
  [м ҖмһҘ] C:\Users\user\Downloads\python\DB_OCIO_Webview\market_research\data\news\2026-04.json вҖ” мӢ к·ң 1кұҙ, мҙқ 516кұҙ

  н•©мӮ°: Finnhub 11кұҙ + NewsAPI 229кұҙ + л„ӨмқҙлІ„ 10кұҙ
=== 2. Blog incremental update === 
C:\Users\user\Downloads\python\.venv\Lib\site-packages\urllib3\connectionpool.py:1097: InsecureRequestWarning: Unverified HTTPS request is being made to host 'googlechromelabs.github.io'. Adding certificate verification is strongly advised. See: https://urllib3.readthedocs.io/en/latest/advanced-usage.html#tls-warnings
  warnings.warn(
C:\Users\user\Downloads\python\.venv\Lib\site-packages\urllib3\connectionpool.py:1097: InsecureRequestWarning: Unverified HTTPS request is being made to host 'googlechromelabs.github.io'. Adding certificate verification is strongly advised. See: https://urllib3.readthedocs.io/en/latest/advanced-usage.html#tls-warnings
  warnings.warn(
C:\Users\user\Downloads\python\.venv\Lib\site-packages\urllib3\connectionpool.py:1097: InsecureRequestWarning: Unverified HTTPS request is being made to host 'googlechromelabs.github.io'. Adding certificate verification is strongly advised. See: https://urllib3.readthedocs.io/en/latest/advanced-usage.html#tls-warnings
  warnings.warn(
C:\Users\user\Downloads\python\.venv\Lib\site-packages\urllib3\connectionpool.py:1097: InsecureRequestWarning: Unverified HTTPS request is being made to host 'googlechromelabs.github.io'. Adding certificate verification is strongly advised. See: https://urllib3.readthedocs.io/en/latest/advanced-usage.html#tls-warnings
  warnings.warn(
C:\Users\user\Downloads\python\.venv\Lib\site-packages\urllib3\connectionpool.py:1097: InsecureRequestWarning: Unverified HTTPS request is being made to host 'storage.googleapis.com'. Adding certificate verification is strongly advised. See: https://urllib3.readthedocs.io/en/latest/advanced-usage.html#tls-warnings
  warnings.warn(
C:\Users\user\Downloads\python\.venv\Lib\site-packages\urllib3\connectionpool.py:1097: InsecureRequestWarning: Unverified HTTPS request is being made to host 'googlechromelabs.github.io'. Adding certificate verification is strongly advised. See: https://urllib3.readthedocs.io/en/latest/advanced-usage.html#tls-warnings
  warnings.warn(
[ҪГАЫ] ұвБё 530°З ·ОөеөК
ҰЎҰЎ 1ҙЬ°и: °ФҪГұЫ ёс·П јцБэ (ёр№ЩАП ҪәЕ©·С) ҰЎҰЎ
  ұвБё ДіҪГ 531°З ·Оөе
  scroll 0: 532°З јцБэ
  scroll 1: 532°З јцБэ
  scroll 2: 532°З јцБэ
  scroll 3: 532°З јцБэ
  scroll 4: 532°З јцБэ
  scroll 5: 532°З јцБэ
C:\Users\user\Downloads\python\.venv\Lib\site-packages\urllib3\connectionpool.py:1097: InsecureRequestWarning: Unverified HTTPS request is being made to host 'googlechromelabs.github.io'. Adding certificate verification is strongly advised. See: https://urllib3.readthedocs.io/en/latest/advanced-usage.html#tls-warnings
  warnings.warn(
C:\Users\user\Downloads\python\.venv\Lib\site-packages\urllib3\connectionpool.py:1097: InsecureRequestWarning: Unverified HTTPS request is being made to host 'googlechromelabs.github.io'. Adding certificate verification is strongly advised. See: https://urllib3.readthedocs.io/en/latest/advanced-usage.html#tls-warnings
  warnings.warn(
  Ўж 5Иё ҝ¬јУ әҜөҝ ҫшАҪ, јцБэ Бҫ·б
[ёс·П АъАе] 532°З Ўж C:\Users\user\Downloads\python\DB_OCIO_Webview\market_research\data\monygeek\log_nos.json

[ёс·П ҝП·б] ГС 532°З °нАҜ °ФҪГұЫ
[ЗКЕН] ҪЕұФ 2°З (ұвБё 530°З ҪәЕө)

ҰЎҰЎ 2ҙЬ°и: °ФҪГұЫ і»ҝл јцБэ (2°З) ҰЎҰЎ

  [№иДЎ 1] 1~2°З
  [№иДЎ 1 ҝА·щ] 'cp949' codec can't encode character '\U0001f6a8' in position 8: illegal multibyte sequence
[АъАе] 531°З Ўж C:\Users\user\Downloads\python\DB_OCIO_Webview\market_research\data\monygeek\posts.json

[ҝП·б] јә°ш 1°З, ҪЗЖР 0°З, ГС 531°З АъАе
=== 3. Monthly digest rebuild === 
=== 4. Vector index rebuild === 
Warning: You are sending unauthenticated requests to the HF Hub. Please set a HF_TOKEN to enable higher rate limits and faster downloads.
Loading weights:   0%|          | 0/103 [00:00<?, ?it/s]Loading weights: 100%|##########| 103/103 [00:00<00:00, 7724.32it/s]
  2026-04: 516кұҙ мһ„лІ л”© мӨ‘... мҷ„лЈҢ (516кұҙ)
=== 5. Report cache rebuild === 
Warning: You are sending unauthenticated requests to the HF Hub. Please set a HF_TOKEN to enable higher rate limits and faster downloads.
[report_cache] building enriched digest 2026-04
  digest м—ҶмқҢ: C:\Users\user\Downloads\python\DB_OCIO_Webview\market_research\data\monygeek\monthly_digests\2026-04.json
[report_cache] news content pool exists, skip (news_content_pool.json)
[report_cache] building 2026-04 08P22
Loading weights:   0%|          | 0/103 [00:00<?, ?it/s]Loading weights: 100%|##########| 103/103 [00:00<00:00, 10781.47it/s]
[report_cache] building 2026-04 08N81
[report_cache] building 2026-04 08N33
[report_cache] building 2026-04 07G04
[report_cache] building 2026-04 2JM23
[report_cache] building 2026-04 07G02
[report_cache] building 2026-04 07G03
[report_cache] building 2026-04 4JM12
[2026-04-02  8:05:52.20] collect end 
