[2026-04-06  8:00:16.02] collect start 
=== 1. Daily news collection === 

==================================================
  лүҙмҠӨ мҲҳм§‘ (2026-04-06)
==================================================

в”Җв”Җ Finnhub лүҙмҠӨ мҲҳм§‘ (2026-04-06 ~ 2026-04-06) в”Җв”Җ
  SPY (лҜёкөӯмЈјмӢқ): 0кұҙ
  QQQ (лҜёкөӯмЈјмӢқ): 0кұҙ
  NVDA (лҜёкөӯмЈјмӢқ): 0кұҙ
  EWY (көӯлӮҙмЈјмӢқ): 0кұҙ
  TLT (лҜёкөӯмұ„к¶Ң): 0кұҙ
  HYG (лҜёкөӯмұ„к¶Ң): 0кұҙ
  GLD (мӣҗмһҗмһ¬): 0кұҙ
  USO (мӣҗмһҗмһ¬): 0кұҙ
  UUP (нҶөнҷ”): 0кұҙ
  general (Reuters/CNBC): 9кұҙ
  мҙқ 9кұҙ (Yahoo м ңмҷё)
    2026-04: 525кұҙ (мӢ к·ң 9кұҙ)

в”Җв”Җ NewsAPI мҲҳм§‘ (2026-04-06) в”Җв”Җ
  top-headlines/business: 54кұҙ
  top-headlines/technology: 60кұҙ
  кёҖлЎңлІҢмЈјмӢқ: 18кұҙ
  лҜёкөӯмЈјмӢқ: 18кұҙ
  мӢ нқҘкөӯ: 19кұҙ
  мұ„к¶Ң: 16кұҙ
  мӣҗмһҗмһ¬: 12кұҙ
  нҶөнҷ”: 20кұҙ
  м§Җм •н•ҷ: 18кұҙ
  кІҪкё°: 15кұҙ
  [м ҖмһҘ] C:\Users\user\Downloads\python\DB_OCIO_Webview\market_research\data\news\2026-04.json вҖ” мӢ к·ң 247кұҙ (мӢ лў° 16кұҙ), мҙқ 772кұҙ

в”Җв”Җ л„ӨмқҙлІ„ кёҲмңө лүҙмҠӨ (2026-04-06) в”Җв”Җ
  мҲҳм§‘: 10кұҙ
  [м ҖмһҘ] C:\Users\user\Downloads\python\DB_OCIO_Webview\market_research\data\news\2026-04.json вҖ” мӢ к·ң 10кұҙ, мҙқ 782кұҙ

  н•©мӮ°: Finnhub 9кұҙ + NewsAPI 250кұҙ + л„ӨмқҙлІ„ 10кұҙ
=== 2. Blog incremental update === 
C:\Users\user\Downloads\python\.venv\Lib\site-packages\urllib3\connectionpool.py:1097: InsecureRequestWarning: Unverified HTTPS request is being made to host 'googlechromelabs.github.io'. Adding certificate verification is strongly advised. See: https://urllib3.readthedocs.io/en/latest/advanced-usage.html#tls-warnings
  warnings.warn(
C:\Users\user\Downloads\python\.venv\Lib\site-packages\urllib3\connectionpool.py:1097: InsecureRequestWarning: Unverified HTTPS request is being made to host 'googlechromelabs.github.io'. Adding certificate verification is strongly advised. See: https://urllib3.readthedocs.io/en/latest/advanced-usage.html#tls-warnings
  warnings.warn(
C:\Users\user\Downloads\python\.venv\Lib\site-packages\urllib3\connectionpool.py:1097: InsecureRequestWarning: Unverified HTTPS request is being made to host 'googlechromelabs.github.io'. Adding certificate verification is strongly advised. See: https://urllib3.readthedocs.io/en/latest/advanced-usage.html#tls-warnings
  warnings.warn(
C:\Users\user\Downloads\python\.venv\Lib\site-packages\urllib3\connectionpool.py:1097: InsecureRequestWarning: Unverified HTTPS request is being made to host 'googlechromelabs.github.io'. Adding certificate verification is strongly advised. See: https://urllib3.readthedocs.io/en/latest/advanced-usage.html#tls-warnings
  warnings.warn(
C:\Users\user\Downloads\python\.venv\Lib\site-packages\urllib3\connectionpool.py:1097: InsecureRequestWarning: Unverified HTTPS request is being made to host 'storage.googleapis.com'. Adding certificate verification is strongly advised. See: https://urllib3.readthedocs.io/en/latest/advanced-usage.html#tls-warnings
  warnings.warn(
C:\Users\user\Downloads\python\.venv\Lib\site-packages\urllib3\connectionpool.py:1097: InsecureRequestWarning: Unverified HTTPS request is being made to host 'googlechromelabs.github.io'. Adding certificate verification is strongly advised. See: https://urllib3.readthedocs.io/en/latest/advanced-usage.html#tls-warnings
  warnings.warn(
[ҪГАЫ] ұвБё 531°З ·ОөеөК
ҰЎҰЎ 1ҙЬ°и: °ФҪГұЫ ёс·П јцБэ (ёр№ЩАП ҪәЕ©·С) ҰЎҰЎ
  ұвБё ДіҪГ 532°З ·Оөе
  scroll 0: 536°З јцБэ
  scroll 1: 536°З јцБэ
  scroll 2: 536°З јцБэ
  scroll 3: 536°З јцБэ
  scroll 4: 536°З јцБэ
  scroll 5: 536°З јцБэ
C:\Users\user\Downloads\python\.venv\Lib\site-packages\urllib3\connectionpool.py:1097: InsecureRequestWarning: Unverified HTTPS request is being made to host 'googlechromelabs.github.io'. Adding certificate verification is strongly advised. See: https://urllib3.readthedocs.io/en/latest/advanced-usage.html#tls-warnings
  warnings.warn(
C:\Users\user\Downloads\python\.venv\Lib\site-packages\urllib3\connectionpool.py:1097: InsecureRequestWarning: Unverified HTTPS request is being made to host 'googlechromelabs.github.io'. Adding certificate verification is strongly advised. See: https://urllib3.readthedocs.io/en/latest/advanced-usage.html#tls-warnings
  warnings.warn(
  Ўж 5Иё ҝ¬јУ әҜөҝ ҫшАҪ, јцБэ Бҫ·б
[ёс·П АъАе] 536°З Ўж C:\Users\user\Downloads\python\DB_OCIO_Webview\market_research\data\monygeek\log_nos.json

[ёс·П ҝП·б] ГС 536°З °нАҜ °ФҪГұЫ
[ЗКЕН] ҪЕұФ 5°З (ұвБё 531°З ҪәЕө)

ҰЎҰЎ 2ҙЬ°и: °ФҪГұЫ і»ҝл јцБэ (5°З) ҰЎҰЎ

  [№иДЎ 1] 1~5°З
  [2/5] [°шБц] [Б¶АЫөИ ҪГ°ЈЗҘҝН БҰҝХАы ҙлЕл·Й] Ж®·іЗБҙВ ҝЦ '2~3БЦ і» АУ | 2026-04-03
[АъАе] 535°З Ўж C:\Users\user\Downloads\python\DB_OCIO_Webview\market_research\data\monygeek\posts.json

[ҝП·б] јә°ш 4°З, ҪЗЖР 1°З, ГС 535°З АъАе
=== 3. Monthly digest rebuild === 
=== 4. Vector index rebuild === 
Warning: You are sending unauthenticated requests to the HF Hub. Please set a HF_TOKEN to enable higher rate limits and faster downloads.
Loading weights:   0%|          | 0/103 [00:00<?, ?it/s]Loading weights: 100%|##########| 103/103 [00:00<00:00, 2662.07it/s]
  2026-04: 782кұҙ мһ„лІ л”© мӨ‘... мҷ„лЈҢ (782кұҙ)
=== 5. Report cache rebuild === 
Warning: You are sending unauthenticated requests to the HF Hub. Please set a HF_TOKEN to enable higher rate limits and faster downloads.
[report_cache] building enriched digest 2026-04
  digest м—ҶмқҢ: C:\Users\user\Downloads\python\DB_OCIO_Webview\market_research\data\monygeek\monthly_digests\2026-04.json
[report_cache] news content pool exists, skip (news_content_pool.json)
[report_cache] building 2026-04 08P22
Loading weights:   0%|          | 0/103 [00:00<?, ?it/s]Loading weights: 100%|##########| 103/103 [00:00<00:00, 5816.25it/s]
[report_cache] building 2026-04 08N81
[report_cache] building 2026-04 08N33
[report_cache] building 2026-04 07G04
[report_cache] building 2026-04 2JM23
[report_cache] building 2026-04 07G02
[report_cache] building 2026-04 07G03
[report_cache] building 2026-04 4JM12
[2026-04-06  8:11:12.69] collect end 
